Start testing: Mar 24 14:39 CDT
----------------------------------------------------------
26/29 Testing: test-cc-test_parse
26/29 Test: test-cc-test_parse
Command: "/home/forrest/CLionProjects/free/build/run_test.sh" "/home/forrest/CLionProjects/free/build/test-cc-test_parse"
Directory: /home/forrest/CLionProjects/free/build
"test-cc-test_parse" start time: Mar 24 14:39 CDT
Output:
----------------------------------------------------------
test_parse:
  PASS parse_return_zero
  PASS parse_return_number
  PASS parse_add
  PASS parse_precedence_mul_before_add
  PASS parse_sub
  PASS parse_div
  PASS parse_comparison_eq
  PASS parse_comparison_ne
  PASS parse_comparison_lt
  PASS parse_comparison_le
  PASS parse_var_decl_and_assign
  PASS parse_var_assign_expr
  PASS parse_if_simple
  PASS parse_if_else
  PASS parse_if_condition
  PASS parse_while
  PASS parse_while_condition
  PASS parse_for
  PASS parse_for_empty_parts
  PASS parse_call_no_args
  PASS parse_call_with_args
  PASS parse_addr_of
  PASS parse_deref
  PASS parse_asm_constraint_concat_empty
  PASS parse_asm_constraint_concat_nonempty
  PASS parse_toplevel_asm_volatile_skipped
  PASS parse_toplevel_asm_goto_skipped
  PASS parse_block_multiple_stmts
  PASS parse_funcdef_name
  PASS parse_funcdef_no_params
  PASS parse_multiple_funcs
  PASS parse_struct_member_access
  PASS parse_nested_parens
  PASS parse_unary_negation

34 tests: 34 passed, 0 failed
<end of output>
Test time =   0.00 sec
----------------------------------------------------------
Test Passed.
"test-cc-test_parse" end time: Mar 24 14:39 CDT
"test-cc-test_parse" time elapsed: 00:00:00
----------------------------------------------------------

End testing: Mar 24 14:39 CDT

cc =   0.00 sec*proc

